-------------------------------------------------------------------------------
Test set: com.github.jmgorton.wordsearch.AppTest
-------------------------------------------------------------------------------
Tests run: 16, Failures: 1, Errors: 0, Skipped: 0, Time elapsed: 0.12 s <<< FAILURE! - in com.github.jmgorton.wordsearch.AppTest
validInputFileCheckInput(com.github.jmgorton.wordsearch.AppTest)  Time elapsed: 0.008 s  <<< FAILURE!
java.lang.AssertionError: expected:<java.io.FileInputStream@6385cb26> but was:<java.io.FileInputStream@38364841>
	at com.github.jmgorton.wordsearch.AppTest.validInputFileCheckInput(AppTest.java:53)

